<?xml version="1.0" encoding="UTF-8"?>
<!-- Generated by org.testng.reporters.JUnitReportReporter -->
<testsuite hostname="DESKTOP-DJQ94NE" name="com.RediffMail.RediffMailDynamixXpath" tests="1" failures="0" timestamp="7 Nov 2022 16:57:17 GMT" time="0.490" errors="0">
  <testcase name="createRediffmail_AccountTest" time="0.490" classname="com.RediffMail.RediffMailDynamixXpath"/>
</testsuite> <!-- com.RediffMail.RediffMailDynamixXpath -->
