<?xml version="1.0" encoding="UTF-8"?>
<!-- Generated by org.testng.reporters.JUnitReportReporter -->
<testsuite hostname="DESKTOP-DJQ94NE" name="com.TestNGAnnotations.TestNGExample2" tests="1" failures="0" timestamp="24 Nov 2022 03:49:04 GMT" time="0.019" errors="0">
  <testcase name="testEx1" time="0.019" classname="com.TestNGAnnotations.TestNGExample2"/>
</testsuite> <!-- com.TestNGAnnotations.TestNGExample2 -->
