<?xml version="1.0" encoding="UTF-8"?>
<!-- Generated by org.testng.reporters.JUnitReportReporter -->
<testsuite hostname="DESKTOP-DJQ94NE" name="com.OrangeHRM.TestNG_TestCase6" tests="4" failures="0" timestamp="10 Nov 2022 03:25:18 GMT" time="5.896" errors="0">
  <testcase name="orangeHRMAdminTest" time="0.232" classname="com.OrangeHRM.TestNG_TestCase6"/>
  <testcase name="systemUsersResultsTableTest" time="1.935" classname="com.OrangeHRM.TestNG_TestCase6"/>
  <testcase name="orangeHRMAdminUserManagementTest" time="1.250" classname="com.OrangeHRM.TestNG_TestCase6"/>
  <testcase name="LoginTest" time="2.479" classname="com.OrangeHRM.TestNG_TestCase6"/>
</testsuite> <!-- com.OrangeHRM.TestNG_TestCase6 -->
