<?xml version="1.0" encoding="UTF-8"?>
<!-- Generated by org.testng.reporters.JUnitReportReporter -->
<testsuite hostname="DESKTOP-DJQ94NE" name="com.OrangeHRMTestNG.OrangeHRM_EmployeeListintoExcel" tests="2" failures="0" timestamp="14 Nov 2022 16:08:04 GMT" time="5.141" errors="0">
  <testcase name="LoginTest" time="2.439" classname="com.OrangeHRMTestNG.OrangeHRM_EmployeeListintoExcel"/>
  <testcase name="pimEmplListIntoExcelTest" time="2.702" classname="com.OrangeHRMTestNG.OrangeHRM_EmployeeListintoExcel"/>
</testsuite> <!-- com.OrangeHRMTestNG.OrangeHRM_EmployeeListintoExcel -->
