<?xml version="1.0" encoding="UTF-8"?>
<!-- Generated by org.testng.reporters.JUnitReportReporter -->
<testsuite hostname="DESKTOP-DJQ94NE" name="com.OrangeHRM.TestNG_TestCase9" tests="1" failures="0" timestamp="11 Nov 2022 00:22:28 GMT" time="2.592" errors="0">
  <testcase name="LoginTest" time="2.592" classname="com.OrangeHRM.TestNG_TestCase9"/>
</testsuite> <!-- com.OrangeHRM.TestNG_TestCase9 -->
