<?xml version="1.0" encoding="UTF-8"?>
<!-- Generated by org.testng.reporters.JUnitReportReporter -->
<testsuite hostname="DESKTOP-DJQ94NE" name="com.OrangeHRM.PIM_UploadPhotoTest" tests="2" failures="0" timestamp="16 Nov 2022 06:58:42 GMT" time="15.116" errors="0">
  <testcase name="loginTest" time="2.808" classname="com.OrangeHRM.PIM_UploadPhotoTest"/>
  <testcase name="pimAddEmpTest" time="12.308" classname="com.OrangeHRM.PIM_UploadPhotoTest"/>
</testsuite> <!-- com.OrangeHRM.PIM_UploadPhotoTest -->
