<?xml version="1.0" encoding="UTF-8"?>
<!-- Generated by org.testng.reporters.JUnitReportReporter -->
<testsuite hostname="DESKTOP-DJQ94NE" name="com.TestNGAnnotations.TestNGExample1" tests="3" failures="0" timestamp="5 Nov 2022 04:22:45 GMT" time="0.009" errors="0">
  <testcase name="AdminTest" time="0.007" classname="com.TestNGAnnotations.TestNGExample1"/>
  <testcase name="loginTest" time="0.001" classname="com.TestNGAnnotations.TestNGExample1"/>
  <testcase name="WelcomeAdminTest" time="0.001" classname="com.TestNGAnnotations.TestNGExample1"/>
</testsuite> <!-- com.TestNGAnnotations.TestNGExample1 -->
