<?xml version="1.0" encoding="UTF-8"?>
<!-- Generated by org.testng.reporters.JUnitReportReporter -->
<testsuite hostname="DESKTOP-DJQ94NE" name="com.RediffMail.Rediff_CreateAcct_FirstName" tests="1" failures="0" timestamp="7 Nov 2022 15:57:47 GMT" time="0.232" errors="0">
  <testcase name="createAccount" time="0.232" classname="com.RediffMail.Rediff_CreateAcct_FirstName"/>
</testsuite> <!-- com.RediffMail.Rediff_CreateAcct_FirstName -->
