<?xml version="1.0" encoding="UTF-8"?>
<!-- Generated by org.testng.reporters.JUnitReportReporter -->
<testsuite hostname="DESKTOP-DJQ94NE" name="com.annotations.Eample2" tests="1" failures="0" timestamp="18 Nov 2022 02:07:48 GMT" time="0.015" errors="0">
  <testcase name="Test" time="0.015" classname="com.annotations.Eample2"/>
</testsuite> <!-- com.annotations.Eample2 -->
