<?xml version="1.0" encoding="UTF-8"?>
<!-- Generated by org.testng.reporters.JUnitReportReporter -->
<testsuite hostname="DESKTOP-DJQ94NE" name="com.OrangeHRM.TestNG_TestCase7" tests="4" failures="0" timestamp="9 Nov 2022 03:24:48 GMT" time="4.998" errors="0">
  <testcase name="orangeHRMAdminUserManagementTest" time="1.382" classname="com.OrangeHRM.TestNG_TestCase7"/>
  <testcase name="LoginTest" time="2.287" classname="com.OrangeHRM.TestNG_TestCase7"/>
  <testcase name="orangeHRMAdminTest" time="0.222" classname="com.OrangeHRM.TestNG_TestCase7"/>
  <testcase name="AdminUserNameEditTest" time="1.107" classname="com.OrangeHRM.TestNG_TestCase7"/>
</testsuite> <!-- com.OrangeHRM.TestNG_TestCase7 -->
