<?xml version="1.0" encoding="UTF-8"?>
<!-- Generated by org.testng.reporters.JUnitReportReporter -->
<testsuite hostname="DESKTOP-DJQ94NE" name="com.OrangeHRM.TestNGTestCase8" tests="3" failures="0" timestamp="9 Nov 2022 03:37:19 GMT" time="3.871" errors="0">
  <testcase name="orangeHRMAdminUserManagementTest" time="1.201" classname="com.OrangeHRM.TestNGTestCase8"/>
  <testcase name="LoginTest" time="2.469" classname="com.OrangeHRM.TestNGTestCase8"/>
  <testcase name="orangeHRMAdminTest" time="0.201" classname="com.OrangeHRM.TestNGTestCase8"/>
</testsuite> <!-- com.OrangeHRM.TestNGTestCase8 -->
