<?xml version="1.0" encoding="UTF-8"?>
<!-- Generated by org.testng.reporters.JUnitReportReporter -->
<testsuite hostname="DESKTOP-DJQ94NE" name="com.RadioButtons.RadioButtonTest" tests="1" failures="0" timestamp="7 Nov 2022 15:46:47 GMT" time="1.240" errors="0">
  <testcase name="radioButtonTest" time="1.240" classname="com.RadioButtons.RadioButtonTest"/>
</testsuite> <!-- com.RadioButtons.RadioButtonTest -->
