<?xml version="1.0" encoding="UTF-8"?>
<!-- Generated by org.testng.reporters.JUnitReportReporter -->
<testsuite hostname="DESKTOP-DJQ94NE" name="com.OrangeHRMTestNG.OrangeHRM_TestNG_Login" tests="1" failures="0" timestamp="14 Nov 2022 15:14:41 GMT" time="67.983" errors="0">
  <testcase name="loginTest" time="67.983" classname="com.OrangeHRMTestNG.OrangeHRM_TestNG_Login"/>
</testsuite> <!-- com.OrangeHRMTestNG.OrangeHRM_TestNG_Login -->
