<?xml version="1.0" encoding="UTF-8"?>
<!-- Generated by org.testng.reporters.JUnitReportReporter -->
<testsuite hostname="DESKTOP-DJQ94NE" name="com.TestNGAnnotations.OrangeHRMTestCase6" tests="3" failures="0" timestamp="7 Nov 2022 15:48:02 GMT" time="11.337" errors="0">
  <testcase name="orangeHRMAdminUserManagementTest" time="3.015" classname="com.TestNGAnnotations.OrangeHRMTestCase6"/>
  <testcase name="LoginTest" time="7.986" classname="com.TestNGAnnotations.OrangeHRMTestCase6"/>
  <testcase name="orangeHRMAdminTest" time="0.336" classname="com.TestNGAnnotations.OrangeHRMTestCase6"/>
</testsuite> <!-- com.TestNGAnnotations.OrangeHRMTestCase6 -->
